\BOOKMARK [1][-]{section.1}{\376\377\000M\036\337\000\040\001\021\036\247\000u}{}% 1
\BOOKMARK [1][-]{section.2}{\376\377\000G\000i\036\333\000i\000\040\000t\000h\000i\036\307\000u\000\040\000v\036\301\000\040\000S\000e\000l\000e\000n\000i\000u\000m}{}% 2
\BOOKMARK [2][-]{subsection.2.1}{\376\377\000S\000e\000l\000e\000n\000i\000u\000m\000\040\000l\000\340\000\040\000g\000\354\000?}{section.2}% 3
\BOOKMARK [2][-]{subsection.2.2}{\376\377\000C\000\341\000c\000\040\000c\000\364\000n\000g\000\040\000c\036\345\000\040\000c\036\347\000a\000\040\000S\000e\000l\000e\000n\000i\000u\000m}{section.2}% 4
\BOOKMARK [2][-]{subsection.2.3}{\376\377\000S\000e\000l\000e\000n\000i\000u\000m\000\040\000I\000D\000E}{section.2}% 5
\BOOKMARK [3][-]{subsubsection.2.3.1}{\376\377\000T\000\355\000n\000h\000\040\000n\001\003\000n\000g\000\040\000c\036\347\000a\000\040\000S\000e\000l\000e\000n\000i\000u\000m\000\040\000I\000D\000E}{subsection.2.3}% 6
\BOOKMARK [3][-]{subsubsection.2.3.2}{\376\377\000S\000e\000l\000e\000n\000e\000s\000e\000\040\000l\000\340\000\040\000g\000\354\000?}{subsection.2.3}% 7
\BOOKMARK [3][-]{subsubsection.2.3.3}{\376\377\000P\000h\000\342\000n\000\040\000l\000o\036\241\000i\000\040\000c\000\341\000c\000\040\000l\036\307\000n\000h\000\040\000S\000e\000l\000e\000n\000i\000u\000m}{subsection.2.3}% 8
\BOOKMARK [3][-]{subsubsection.2.3.4}{\376\377\001\257\000u\000\040\001\021\000i\036\303\000m}{subsection.2.3}% 9
\BOOKMARK [3][-]{subsubsection.2.3.5}{\376\377\000N\000h\001\260\036\343\000c\000\040\001\021\000i\036\303\000m}{subsection.2.3}% 10
\BOOKMARK [2][-]{subsection.2.4}{\376\377\000S\000e\000l\000e\000n\000i\000u\000m\000\040\000W\000e\000b\000D\000r\000i\000v\000e\000r}{section.2}% 11
\BOOKMARK [3][-]{subsubsection.2.4.1}{\376\377\001\257\000u\000\040\001\021\000i\036\303\000m}{subsection.2.4}% 12
\BOOKMARK [3][-]{subsubsection.2.4.2}{\376\377\000N\000h\001\260\036\343\000c\000\040\001\021\000i\036\303\000m}{subsection.2.4}% 13
\BOOKMARK [2][-]{subsection.2.5}{\376\377\000S\000e\000l\000e\000n\000i\000u\000m\000\040\000G\000r\000i\000d}{section.2}% 14
\BOOKMARK [3][-]{subsubsection.2.5.1}{\376\377\001\257\000u\000\040\001\021\000i\036\303\000m}{subsection.2.5}% 15
\BOOKMARK [3][-]{subsubsection.2.5.2}{\376\377\000N\000h\001\260\036\343\000c\000\040\001\021\000i\036\303\000m}{subsection.2.5}% 16
\BOOKMARK [2][-]{subsection.2.6}{\376\377\000S\000o\000\040\000s\000\341\000n\000h\000\040\000v\036\333\000i\000\040\000c\000\341\000c\000\040\000b\036\331\000\040\000c\000\364\000n\000g\000\040\000c\036\345\000\040\000k\000h\000\341\000c}{section.2}% 17
\BOOKMARK [1][-]{section.3}{\376\377\000H\001\260\036\333\000n\000g\000\040\000d\036\253\000n\000\040\000t\036\243\000i\000\040\000v\000\340\000\040\000c\000\340\000i\000\040\001\021\036\267\000t}{}% 18
\BOOKMARK [2][-]{subsection.3.1}{\376\377\000S\000e\000l\000e\000n\000i\000u\000m\000\040\000I\000D\000E}{section.3}% 19
\BOOKMARK [1][-]{section.4}{\376\377\000\301\000p\000\040\000d\036\345\000n\000g\000\040\000S\000e\000l\000e\000n\000i\000u\000m\000\040\000v\000\340\000o\000\040\000k\000i\036\303\000m\000\040\000t\000h\036\355\000\040\036\351\000n\000g\000\040\000d\036\345\000n\000g\000\040\000W\000e\000b}{}% 20
\BOOKMARK [2][-]{subsection.4.1}{\376\377\000H\036\307\000\040\000t\000h\036\321\000n\000g\000\040\000h\036\315\000c\000\040\000t\000r\036\361\000c\000\040\000t\000u\000y\036\277\000n\000\040\000R\000e\000m\000i\000n\000d\000\040\000C\000l\000o\000n\000e}{section.4}% 21
\BOOKMARK [2][-]{subsection.4.2}{\376\377\000P\000h\000\342\000n\000\040\000t\000\355\000c\000h\000\040\000v\036\245\000n\000\040\001\021\036\301}{section.4}% 22
\BOOKMARK [2][-]{subsection.4.3}{\376\377\000V\000i\036\277\000t\000\040\000c\000a\000\040\000k\000i\036\303\000m\000\040\000t\000h\036\355}{section.4}% 23
\BOOKMARK [3][-]{subsubsection.4.3.1}{\376\377\000C\000a\000\040\000k\000i\036\303\000m\000\040\000t\000h\036\355\000\040\000c\000h\000o\000\040\000m\000\340\000n\000\040\000h\000\354\000n\000h\000\040\001\021\001\003\000n\000g\000\040\000n\000h\036\255\000p}{subsection.4.3}% 24
\BOOKMARK [3][-]{subsubsection.4.3.2}{\376\377\000C\000a\000\040\000k\000i\036\303\000m\000\040\000t\000h\036\355\000\040\000c\000h\000o\000\040\000n\000h\036\357\000n\000g\000\040\000c\000h\036\351\000c\000\040\000n\001\003\000n\000g\000\040\000k\000h\000\341\000c}{subsection.4.3}% 25
\BOOKMARK [3][-]{subsubsection.4.3.3}{\376\377\000K\000i\036\303\000m\000\040\000t\000h\036\355\000\040\000t\000r\000\352\000n\000\040\000n\000h\000i\036\301\000u\000\040\000n\036\301\000n\000\040\000t\036\243\000n\000g\000\040\000v\036\333\000i\000\040\000S\000e\000l\000e\000n\000i\000u\000m\000\040\000G\000r\000i\000d}{subsection.4.3}% 26
\BOOKMARK [3][-]{subsubsection.4.3.4}{\376\377\000K\036\277\000t\000\040\000q\000u\036\243\000\040\000k\000i\036\303\000m\000\040\000t\000h\036\355}{subsection.4.3}% 27
\BOOKMARK [1][-]{section.5}{\376\377\000K\036\277\000t\000\040\000l\000u\036\255\000n}{}% 28
